  [1m[35m (0.1ms)[0m  [1m[34mSELECT sqlite_version(*)[0m
  ↳ /home/johnny/.rvm/gems/ruby-2.5.1/bin/rake:23
  [1m[35m (40.4ms)[0m  [1m[35mCREATE TABLE "schema_migrations" ("version" varchar NOT NULL PRIMARY KEY)[0m
  ↳ /home/johnny/.rvm/gems/ruby-2.5.1/bin/rake:23
  [1m[35m (7.5ms)[0m  [1m[35mCREATE TABLE "ar_internal_metadata" ("key" varchar NOT NULL PRIMARY KEY, "value" varchar, "created_at" datetime NOT NULL, "updated_at" datetime NOT NULL)[0m
  ↳ /home/johnny/.rvm/gems/ruby-2.5.1/bin/rake:23
  [1m[35m (0.2ms)[0m  [1m[34mSELECT "schema_migrations"."version" FROM "schema_migrations" ORDER BY "schema_migrations"."version" ASC[0m
  ↳ /home/johnny/.rvm/gems/ruby-2.5.1/bin/rake:23
Migrating to CreateUsers (20190329134320)
  [1m[35m (0.1ms)[0m  [1m[36mbegin transaction[0m
  ↳ /home/johnny/.rvm/gems/ruby-2.5.1/bin/rake:23
  [1m[35m (0.4ms)[0m  [1m[35mCREATE TABLE "users" ("id" integer PRIMARY KEY AUTOINCREMENT NOT NULL, "name" varchar, "lastname" varchar, "email" varchar, "password" varchar, "address" varchar, "created_at" datetime NOT NULL, "updated_at" datetime NOT NULL)[0m
  ↳ db/migrate/20190329134320_create_users.rb:3
  [1m[36mActiveRecord::SchemaMigration Create (0.2ms)[0m  [1m[32mINSERT INTO "schema_migrations" ("version") VALUES (?)[0m  [["version", "20190329134320"]]
  ↳ /home/johnny/.rvm/gems/ruby-2.5.1/bin/rake:23
  [1m[35m (11.9ms)[0m  [1m[36mcommit transaction[0m
  ↳ /home/johnny/.rvm/gems/ruby-2.5.1/bin/rake:23
Migrating to CreateEventVenues (20190329134334)
  [1m[35m (0.1ms)[0m  [1m[36mbegin transaction[0m
  ↳ /home/johnny/.rvm/gems/ruby-2.5.1/bin/rake:23
  [1m[35m (0.3ms)[0m  [1m[35mCREATE TABLE "event_venues" ("id" integer PRIMARY KEY AUTOINCREMENT NOT NULL, "name" varchar, "address" varchar, "capacity" integer, "created_at" datetime NOT NULL, "updated_at" datetime NOT NULL)[0m
  ↳ db/migrate/20190329134334_create_event_venues.rb:3
  [1m[36mActiveRecord::SchemaMigration Create (0.2ms)[0m  [1m[32mINSERT INTO "schema_migrations" ("version") VALUES (?)[0m  [["version", "20190329134334"]]
  ↳ /home/johnny/.rvm/gems/ruby-2.5.1/bin/rake:23
  [1m[35m (39.8ms)[0m  [1m[36mcommit transaction[0m
  ↳ /home/johnny/.rvm/gems/ruby-2.5.1/bin/rake:23
Migrating to CreateEvents (20190329134423)
  [1m[35m (0.1ms)[0m  [1m[36mbegin transaction[0m
  ↳ /home/johnny/.rvm/gems/ruby-2.5.1/bin/rake:23
  [1m[35m (0.4ms)[0m  [1m[35mCREATE TABLE "events" ("id" integer PRIMARY KEY AUTOINCREMENT NOT NULL, "name" varchar, "description" varchar, "start_date" date, "event_venue_id" integer, "created_at" datetime NOT NULL, "updated_at" datetime NOT NULL, CONSTRAINT "fk_rails_07a8e73ad7"
FOREIGN KEY ("event_venue_id")
  REFERENCES "event_venues" ("id")
)[0m
  ↳ db/migrate/20190329134423_create_events.rb:3
  [1m[35m (0.1ms)[0m  [1m[35mCREATE  INDEX "index_events_on_event_venue_id" ON "events" ("event_venue_id")[0m
  ↳ db/migrate/20190329134423_create_events.rb:3
  [1m[36mActiveRecord::SchemaMigration Create (0.1ms)[0m  [1m[32mINSERT INTO "schema_migrations" ("version") VALUES (?)[0m  [["version", "20190329134423"]]
  ↳ /home/johnny/.rvm/gems/ruby-2.5.1/bin/rake:23
  [1m[35m (7.2ms)[0m  [1m[36mcommit transaction[0m
  ↳ /home/johnny/.rvm/gems/ruby-2.5.1/bin/rake:23
Migrating to CreateTicketZones (20190329134615)
  [1m[35m (0.1ms)[0m  [1m[36mbegin transaction[0m
  ↳ /home/johnny/.rvm/gems/ruby-2.5.1/bin/rake:23
  [1m[35m (3.0ms)[0m  [1m[35mCREATE TABLE "ticket_zones" ("id" integer PRIMARY KEY AUTOINCREMENT NOT NULL, "zone" varchar, "created_at" datetime NOT NULL, "updated_at" datetime NOT NULL)[0m
  ↳ db/migrate/20190329134615_create_ticket_zones.rb:3
  [1m[36mActiveRecord::SchemaMigration Create (0.1ms)[0m  [1m[32mINSERT INTO "schema_migrations" ("version") VALUES (?)[0m  [["version", "20190329134615"]]
  ↳ /home/johnny/.rvm/gems/ruby-2.5.1/bin/rake:23
  [1m[35m (42.8ms)[0m  [1m[36mcommit transaction[0m
  ↳ /home/johnny/.rvm/gems/ruby-2.5.1/bin/rake:23
Migrating to CreateTicketTypes (20190329134642)
  [1m[35m (0.1ms)[0m  [1m[36mbegin transaction[0m
  ↳ /home/johnny/.rvm/gems/ruby-2.5.1/bin/rake:23
  [1m[35m (1.2ms)[0m  [1m[35mCREATE TABLE "ticket_types" ("id" integer PRIMARY KEY AUTOINCREMENT NOT NULL, "event_id" integer, "price" integer, "ticket_zone_id" integer, "created_at" datetime NOT NULL, "updated_at" datetime NOT NULL, CONSTRAINT "fk_rails_3f5bd3dab9"
FOREIGN KEY ("event_id")
  REFERENCES "events" ("id")
, CONSTRAINT "fk_rails_0920abe530"
FOREIGN KEY ("ticket_zone_id")
  REFERENCES "ticket_zones" ("id")
)[0m
  ↳ db/migrate/20190329134642_create_ticket_types.rb:3
  [1m[35m (0.1ms)[0m  [1m[35mCREATE  INDEX "index_ticket_types_on_event_id" ON "ticket_types" ("event_id")[0m
  ↳ db/migrate/20190329134642_create_ticket_types.rb:3
  [1m[35m (0.1ms)[0m  [1m[35mCREATE  INDEX "index_ticket_types_on_ticket_zone_id" ON "ticket_types" ("ticket_zone_id")[0m
  ↳ db/migrate/20190329134642_create_ticket_types.rb:3
  [1m[36mActiveRecord::SchemaMigration Create (0.1ms)[0m  [1m[32mINSERT INTO "schema_migrations" ("version") VALUES (?)[0m  [["version", "20190329134642"]]
  ↳ /home/johnny/.rvm/gems/ruby-2.5.1/bin/rake:23
  [1m[35m (10.4ms)[0m  [1m[36mcommit transaction[0m
  ↳ /home/johnny/.rvm/gems/ruby-2.5.1/bin/rake:23
Migrating to CreateOrders (20190329134721)
  [1m[35m (0.1ms)[0m  [1m[36mbegin transaction[0m
  ↳ /home/johnny/.rvm/gems/ruby-2.5.1/bin/rake:23
  [1m[35m (1.1ms)[0m  [1m[35mCREATE TABLE "orders" ("id" integer PRIMARY KEY AUTOINCREMENT NOT NULL, "user_id" integer, "created_at" datetime NOT NULL, "updated_at" datetime NOT NULL, CONSTRAINT "fk_rails_f868b47f6a"
FOREIGN KEY ("user_id")
  REFERENCES "users" ("id")
)[0m
  ↳ db/migrate/20190329134721_create_orders.rb:3
  [1m[35m (0.1ms)[0m  [1m[35mCREATE  INDEX "index_orders_on_user_id" ON "orders" ("user_id")[0m
  ↳ db/migrate/20190329134721_create_orders.rb:3
  [1m[36mActiveRecord::SchemaMigration Create (0.1ms)[0m  [1m[32mINSERT INTO "schema_migrations" ("version") VALUES (?)[0m  [["version", "20190329134721"]]
  ↳ /home/johnny/.rvm/gems/ruby-2.5.1/bin/rake:23
  [1m[35m (33.7ms)[0m  [1m[36mcommit transaction[0m
  ↳ /home/johnny/.rvm/gems/ruby-2.5.1/bin/rake:23
Migrating to CreateTickets (20190329134851)
  [1m[35m (0.1ms)[0m  [1m[36mbegin transaction[0m
  ↳ /home/johnny/.rvm/gems/ruby-2.5.1/bin/rake:23
  [1m[35m (0.3ms)[0m  [1m[35mCREATE TABLE "tickets" ("id" integer PRIMARY KEY AUTOINCREMENT NOT NULL, "ticket_type_id" integer, "order_id" integer, "created_at" datetime NOT NULL, "updated_at" datetime NOT NULL, CONSTRAINT "fk_rails_89217f3a4e"
FOREIGN KEY ("ticket_type_id")
  REFERENCES "ticket_types" ("id")
, CONSTRAINT "fk_rails_c6410ba81d"
FOREIGN KEY ("order_id")
  REFERENCES "orders" ("id")
)[0m
  ↳ db/migrate/20190329134851_create_tickets.rb:3
  [1m[35m (0.2ms)[0m  [1m[35mCREATE  INDEX "index_tickets_on_ticket_type_id" ON "tickets" ("ticket_type_id")[0m
  ↳ db/migrate/20190329134851_create_tickets.rb:3
  [1m[35m (0.1ms)[0m  [1m[35mCREATE  INDEX "index_tickets_on_order_id" ON "tickets" ("order_id")[0m
  ↳ db/migrate/20190329134851_create_tickets.rb:3
  [1m[36mActiveRecord::SchemaMigration Create (0.2ms)[0m  [1m[32mINSERT INTO "schema_migrations" ("version") VALUES (?)[0m  [["version", "20190329134851"]]
  ↳ /home/johnny/.rvm/gems/ruby-2.5.1/bin/rake:23
  [1m[35m (20.8ms)[0m  [1m[36mcommit transaction[0m
  ↳ /home/johnny/.rvm/gems/ruby-2.5.1/bin/rake:23
  [1m[36mActiveRecord::InternalMetadata Load (0.2ms)[0m  [1m[34mSELECT  "ar_internal_metadata".* FROM "ar_internal_metadata" WHERE "ar_internal_metadata"."key" = ? LIMIT ?[0m  [["key", "environment"], ["LIMIT", 1]]
  ↳ /home/johnny/.rvm/gems/ruby-2.5.1/bin/rake:23
  [1m[35m (0.1ms)[0m  [1m[36mbegin transaction[0m
  ↳ /home/johnny/.rvm/gems/ruby-2.5.1/bin/rake:23
  [1m[36mActiveRecord::InternalMetadata Create (1.1ms)[0m  [1m[32mINSERT INTO "ar_internal_metadata" ("key", "value", "created_at", "updated_at") VALUES (?, ?, ?, ?)[0m  [["key", "environment"], ["value", "development"], ["created_at", "2019-04-03 12:28:33.519431"], ["updated_at", "2019-04-03 12:28:33.519431"]]
  ↳ /home/johnny/.rvm/gems/ruby-2.5.1/bin/rake:23
  [1m[35m (18.4ms)[0m  [1m[36mcommit transaction[0m
  ↳ /home/johnny/.rvm/gems/ruby-2.5.1/bin/rake:23
  [1m[35m (0.1ms)[0m  [1m[34mSELECT "schema_migrations"."version" FROM "schema_migrations" ORDER BY "schema_migrations"."version" ASC[0m
  ↳ /home/johnny/.rvm/gems/ruby-2.5.1/bin/rake:23
  [1m[35m (14.0ms)[0m  [1m[34mSELECT "schema_migrations"."version" FROM "schema_migrations" ORDER BY "schema_migrations"."version" ASC[0m
  ↳ /home/johnny/.rvm/gems/ruby-2.5.1/bin/rake:23
Migrating to AddPhoneToUsers (20190403123421)
  [1m[35m (0.1ms)[0m  [1m[36mbegin transaction[0m
  ↳ /home/johnny/.rvm/gems/ruby-2.5.1/bin/rake:23
  [1m[35m (1.7ms)[0m  [1m[35mALTER TABLE "users" ADD "phone" varchar[0m
  ↳ db/migrate/20190403123421_add_phone_to_users.rb:3
  [1m[36mActiveRecord::SchemaMigration Create (0.8ms)[0m  [1m[32mINSERT INTO "schema_migrations" ("version") VALUES (?)[0m  [["version", "20190403123421"]]
  ↳ /home/johnny/.rvm/gems/ruby-2.5.1/bin/rake:23
  [1m[35m (53.6ms)[0m  [1m[36mcommit transaction[0m
  ↳ /home/johnny/.rvm/gems/ruby-2.5.1/bin/rake:23
  [1m[36mActiveRecord::InternalMetadata Load (0.2ms)[0m  [1m[34mSELECT  "ar_internal_metadata".* FROM "ar_internal_metadata" WHERE "ar_internal_metadata"."key" = ? LIMIT ?[0m  [["key", "environment"], ["LIMIT", 1]]
  ↳ /home/johnny/.rvm/gems/ruby-2.5.1/bin/rake:23
  [1m[35m (0.1ms)[0m  [1m[36mbegin transaction[0m
  ↳ /home/johnny/.rvm/gems/ruby-2.5.1/bin/rake:23
  [1m[35m (0.1ms)[0m  [1m[36mcommit transaction[0m
  ↳ /home/johnny/.rvm/gems/ruby-2.5.1/bin/rake:23
  [1m[35m (0.1ms)[0m  [1m[34mSELECT "schema_migrations"."version" FROM "schema_migrations" ORDER BY "schema_migrations"."version" ASC[0m
  ↳ /home/johnny/.rvm/gems/ruby-2.5.1/bin/rake:23
  [1m[35m (0.2ms)[0m  [1m[34mSELECT "schema_migrations"."version" FROM "schema_migrations" ORDER BY "schema_migrations"."version" ASC[0m
  ↳ /home/johnny/.rvm/gems/ruby-2.5.1/bin/rake:23
  [1m[36mActiveRecord::InternalMetadata Load (5.8ms)[0m  [1m[34mSELECT  "ar_internal_metadata".* FROM "ar_internal_metadata" WHERE "ar_internal_metadata"."key" = ? LIMIT ?[0m  [["key", "environment"], ["LIMIT", 1]]
  ↳ /home/johnny/.rvm/gems/ruby-2.5.1/bin/rake:23
  [1m[35m (0.1ms)[0m  [1m[36mbegin transaction[0m
  ↳ /home/johnny/.rvm/gems/ruby-2.5.1/bin/rake:23
  [1m[35m (0.0ms)[0m  [1m[36mcommit transaction[0m
  ↳ /home/johnny/.rvm/gems/ruby-2.5.1/bin/rake:23
  [1m[35m (0.1ms)[0m  [1m[34mSELECT "schema_migrations"."version" FROM "schema_migrations" ORDER BY "schema_migrations"."version" ASC[0m
  ↳ /home/johnny/.rvm/gems/ruby-2.5.1/bin/rake:23
  [1m[35m (0.1ms)[0m  [1m[36mbegin transaction[0m
  [1m[35m (0.1ms)[0m  [1m[31mrollback transaction[0m
  [1m[35m (0.1ms)[0m  [1m[36mbegin transaction[0m
  [1m[35m (0.1ms)[0m  [1m[31mrollback transaction[0m
  [1m[36mEventVenue Load (10.1ms)[0m  [1m[34mSELECT  "event_venues".* FROM "event_venues" ORDER BY "event_venues"."id" ASC LIMIT ?[0m  [["LIMIT", 1]]
  [1m[35m (0.2ms)[0m  [1m[34mSELECT "schema_migrations"."version" FROM "schema_migrations" ORDER BY "schema_migrations"."version" ASC[0m
  ↳ /home/johnny/.rvm/gems/ruby-2.5.1/bin/rake:23
  [1m[35m (0.1ms)[0m  [1m[36mbegin transaction[0m
  ↳ db/seeds.rb:25
  [1m[35m (0.1ms)[0m  [1m[31mrollback transaction[0m
  ↳ db/seeds.rb:25
  [1m[35m (0.1ms)[0m  [1m[36mbegin transaction[0m
  [1m[36mEventVenue Create (13.5ms)[0m  [1m[32mINSERT INTO "event_venues" ("name", "address", "capacity", "created_at", "updated_at") VALUES (?, ?, ?, ?, ?)[0m  [["name", "Teatro Caupolican del Centro"], ["address", "San Diego"], ["capacity", 40000], ["created_at", "2019-04-03 14:03:25.014888"], ["updated_at", "2019-04-03 14:03:25.014888"]]
  [1m[35m (71.8ms)[0m  [1m[36mcommit transaction[0m
  [1m[35m (0.1ms)[0m  [1m[36mbegin transaction[0m
  [1m[35m (0.0ms)[0m  [1m[36mcommit transaction[0m
  [1m[35m (0.1ms)[0m  [1m[36mbegin transaction[0m
  [1m[36mEvent Create (28.9ms)[0m  [1m[32mINSERT INTO "events" ("start_date", "event_venue_id", "created_at", "updated_at") VALUES (?, ?, ?, ?)[0m  [["start_date", "2019-06-03"], ["event_venue_id", 1], ["created_at", "2019-04-03 00:00:00"], ["updated_at", "2019-04-03 14:06:07.598835"]]
  [1m[35m (24.4ms)[0m  [1m[36mcommit transaction[0m
  [1m[35m (0.1ms)[0m  [1m[36mbegin transaction[0m
  [1m[36mEventVenue Create (3.0ms)[0m  [1m[32mINSERT INTO "event_venues" ("name", "address", "capacity", "created_at", "updated_at") VALUES (?, ?, ?, ?, ?)[0m  [["name", "Teatro Caupolican del Centro"], ["address", "San Diego"], ["capacity", 40000], ["created_at", "2019-04-03 14:11:18.032472"], ["updated_at", "2019-04-03 14:11:18.032472"]]
  [1m[35m (446.8ms)[0m  [1m[36mcommit transaction[0m
  [1m[35m (0.1ms)[0m  [1m[36mbegin transaction[0m
  [1m[36mEventVenue Create (4.7ms)[0m  [1m[32mINSERT INTO "event_venues" ("name", "address", "capacity", "created_at", "updated_at") VALUES (?, ?, ?, ?, ?)[0m  [["name", "Teatro Caupolican del Centro"], ["address", "San Diego"], ["capacity", 40000], ["created_at", "2019-04-03 14:13:49.422609"], ["updated_at", "2019-04-03 14:13:49.422609"]]
  [1m[35m (9.8ms)[0m  [1m[36mcommit transaction[0m
  [1m[36mEvent Load (0.2ms)[0m  [1m[34mSELECT "events".* FROM "events" WHERE (start_date== '2019-10-12' and event_venue_id== NULL)[0m
  [1m[36mEvent Load (0.2ms)[0m  [1m[34mSELECT "events".* FROM "events" WHERE (start_date== '2019-10-12' and event_venue_id== NULL)[0m
  [1m[36mEvent Load (0.2ms)[0m  [1m[34mSELECT "events".* FROM "events" WHERE (start_date== '2019-10-12' and event_venue_id== NULL)[0m
  [1m[35m (0.1ms)[0m  [1m[36mbegin transaction[0m
  [1m[36mEventVenue Create (36.9ms)[0m  [1m[32mINSERT INTO "event_venues" ("name", "capacity", "created_at", "updated_at") VALUES (?, ?, ?, ?)[0m  [["name", "MOvistar arena laputamadre grande"], ["capacity", 1000], ["created_at", "2019-04-04 19:17:27.690176"], ["updated_at", "2019-04-04 19:17:27.690176"]]
  [1m[35m (28.0ms)[0m  [1m[36mcommit transaction[0m
  [1m[35m (0.1ms)[0m  [1m[36mbegin transaction[0m
  [1m[36mEvent Load (0.2ms)[0m  [1m[34mSELECT "events".* FROM "events" WHERE (start_date== '2019-10-12' and event_venue_id== NULL)[0m
  [1m[36mEvent Create (2.6ms)[0m  [1m[32mINSERT INTO "events" ("start_date", "event_venue_id", "created_at", "updated_at") VALUES (?, ?, ?, ?)[0m  [["start_date", "2019-10-12"], ["event_venue_id", 4], ["created_at", "2019-04-04 00:00:00"], ["updated_at", "2019-04-04 19:17:33.661428"]]
  [1m[35m (26.5ms)[0m  [1m[36mcommit transaction[0m
  [1m[35m (0.1ms)[0m  [1m[36mbegin transaction[0m
  [1m[36mEvent Load (0.2ms)[0m  [1m[34mSELECT "events".* FROM "events" WHERE (start_date== '2019-10-12' and event_venue_id== NULL)[0m
  [1m[36mEvent Create (1.6ms)[0m  [1m[32mINSERT INTO "events" ("start_date", "event_venue_id", "created_at", "updated_at") VALUES (?, ?, ?, ?)[0m  [["start_date", "2019-10-12"], ["event_venue_id", 4], ["created_at", "2010-05-04 00:00:00"], ["updated_at", "2019-04-04 19:17:36.192017"]]
  [1m[35m (15.1ms)[0m  [1m[36mcommit transaction[0m
  [1m[36mEvent Load (0.2ms)[0m  [1m[34mSELECT "events".* FROM "events" WHERE (start_date== '2019-10-12' and event_venue_id== 4)[0m
  [1m[36mEvent Load (0.2ms)[0m  [1m[34mSELECT "events".* FROM "events" WHERE (start_date== '2019-09-10' and event_venue_id== 4)[0m
  [1m[36mEvent Load (0.2ms)[0m  [1m[34mSELECT "events".* FROM "events" WHERE (start_date== '2019-09-10' and event_venue_id== 4)[0m
  [1m[36mEvent Load (0.2ms)[0m  [1m[34mSELECT "events".* FROM "events" WHERE (start_date== '2019-09-10' and event_venue_id== 4)[0m
  [1m[35m (0.1ms)[0m  [1m[36mbegin transaction[0m
  [1m[36mEvent Load (0.2ms)[0m  [1m[34mSELECT "events".* FROM "events" WHERE (start_date== '2019-09-10' and event_venue_id== 4)[0m
  [1m[36mEvent Update (0.3ms)[0m  [1m[33mUPDATE "events" SET "start_date" = ?, "updated_at" = ? WHERE "events"."id" = ?[0m  [["start_date", "2019-09-10"], ["updated_at", "2019-04-04 19:19:00.365312"], ["id", 2]]
  [1m[35m (18.3ms)[0m  [1m[36mcommit transaction[0m
  [1m[35m (0.1ms)[0m  [1m[36mbegin transaction[0m
  [1m[36mEvent Load (0.2ms)[0m  [1m[34mSELECT "events".* FROM "events" WHERE (start_date== '2019-09-10' and event_venue_id== 4)[0m
  [1m[36mEvent Update (1.5ms)[0m  [1m[33mUPDATE "events" SET "start_date" = ?, "updated_at" = ? WHERE "events"."id" = ?[0m  [["start_date", "2019-09-10"], ["updated_at", "2019-04-04 19:19:04.874838"], ["id", 3]]
  [1m[35m (8.1ms)[0m  [1m[36mcommit transaction[0m
  [1m[36mEvent Load (0.2ms)[0m  [1m[34mSELECT "events".* FROM "events" WHERE (start_date== '2019-09-10' and event_venue_id== 4)[0m
  [1m[36mEvent Load (0.2ms)[0m  [1m[34mSELECT "events".* FROM "events" WHERE (start_date== '2019-09-10' and event_venue_id== 4)[0m
  [1m[35m (0.1ms)[0m  [1m[36mbegin transaction[0m
  [1m[36mEventVenue Create (4.1ms)[0m  [1m[32mINSERT INTO "event_venues" ("name", "capacity", "created_at", "updated_at") VALUES (?, ?, ?, ?)[0m  [["name", "hola soy el nombre de el event venue"], ["capacity", 1000], ["created_at", "2019-04-04 19:34:51.255936"], ["updated_at", "2019-04-04 19:34:51.255936"]]
  [1m[35m (26.5ms)[0m  [1m[36mcommit transaction[0m
  [1m[36mEvent Load (0.3ms)[0m  [1m[34mSELECT "events".* FROM "events" WHERE (start_date== '2019-10-12' and event_venue_id== 5)[0m
  [1m[35m (0.1ms)[0m  [1m[36mbegin transaction[0m
  [1m[36mEvent Load (0.2ms)[0m  [1m[34mSELECT "events".* FROM "events" WHERE (start_date== '2019-10-12' and event_venue_id== 5)[0m
  [1m[36mEvent Create (1.8ms)[0m  [1m[32mINSERT INTO "events" ("start_date", "event_venue_id", "created_at", "updated_at") VALUES (?, ?, ?, ?)[0m  [["start_date", "2019-10-12"], ["event_venue_id", 5], ["created_at", "2019-05-04 00:00:00"], ["updated_at", "2019-04-04 19:35:39.534814"]]
  [1m[35m (27.3ms)[0m  [1m[36mcommit transaction[0m
  [1m[35m (0.1ms)[0m  [1m[36mbegin transaction[0m
  [1m[36mTicketZone Create (1.8ms)[0m  [1m[32mINSERT INTO "ticket_zones" ("created_at", "updated_at") VALUES (?, ?)[0m  [["created_at", "2019-04-04 19:37:02.923705"], ["updated_at", "2019-04-04 19:37:02.923705"]]
  [1m[36mTicketType Create (0.2ms)[0m  [1m[32mINSERT INTO "ticket_types" ("event_id", "price", "ticket_zone_id", "created_at", "updated_at") VALUES (?, ?, ?, ?, ?)[0m  [["event_id", 4], ["price", 1000], ["ticket_zone_id", 1], ["created_at", "2019-04-04 19:37:02.926386"], ["updated_at", "2019-04-04 19:37:02.926386"]]
  [1m[35m (28.1ms)[0m  [1m[36mcommit transaction[0m
  [1m[35m (0.1ms)[0m  [1m[36mbegin transaction[0m
  [1m[36mTicketZone Create (2.7ms)[0m  [1m[32mINSERT INTO "ticket_zones" ("created_at", "updated_at") VALUES (?, ?)[0m  [["created_at", "2019-04-04 20:17:55.591083"], ["updated_at", "2019-04-04 20:17:55.591083"]]
  [1m[35m (29.6ms)[0m  [1m[36mcommit transaction[0m
  [1m[35m (0.3ms)[0m  [1m[34mSELECT "schema_migrations"."version" FROM "schema_migrations" ORDER BY "schema_migrations"."version" ASC[0m
  ↳ /home/johnny/.rvm/gems/ruby-2.5.1/bin/rake:23
  [1m[35m (0.1ms)[0m  [1m[36mbegin transaction[0m
  ↳ db/seeds.rb:25
  [1m[35m (0.1ms)[0m  [1m[31mrollback transaction[0m
  ↳ db/seeds.rb:25
  [1m[35m (0.1ms)[0m  [1m[36mbegin transaction[0m
  [1m[36mEventVenue Create (3.7ms)[0m  [1m[32mINSERT INTO "event_venues" ("name", "capacity", "created_at", "updated_at") VALUES (?, ?, ?, ?)[0m  [["name", "Movistar arena es lo mas grande"], ["capacity", 2000], ["created_at", "2019-04-04 20:23:44.532311"], ["updated_at", "2019-04-04 20:23:44.532311"]]
  [1m[35m (333.7ms)[0m  [1m[36mcommit transaction[0m
  [1m[36mEvent Load (0.2ms)[0m  [1m[34mSELECT "events".* FROM "events" WHERE (start_date== '2019-10-12' and event_venue_id== 6)[0m
  [1m[35m (0.1ms)[0m  [1m[36mbegin transaction[0m
  [1m[36mEvent Load (0.2ms)[0m  [1m[34mSELECT "events".* FROM "events" WHERE (start_date== '2019-10-12' and event_venue_id== 6)[0m
  [1m[36mEvent Create (2.3ms)[0m  [1m[32mINSERT INTO "events" ("start_date", "event_venue_id", "created_at", "updated_at") VALUES (?, ?, ?, ?)[0m  [["start_date", "2019-10-12"], ["event_venue_id", 6], ["created_at", "2019-05-10 00:00:00"], ["updated_at", "2019-04-04 20:24:57.716907"]]
  [1m[35m (44.0ms)[0m  [1m[36mcommit transaction[0m
  [1m[35m (5.0ms)[0m  [1m[36mbegin transaction[0m
  [1m[36mTicketZone Create (2.4ms)[0m  [1m[32mINSERT INTO "ticket_zones" ("created_at", "updated_at") VALUES (?, ?)[0m  [["created_at", "2019-04-04 20:26:50.538053"], ["updated_at", "2019-04-04 20:26:50.538053"]]
  [1m[36mTicketType Create (0.2ms)[0m  [1m[32mINSERT INTO "ticket_types" ("event_id", "price", "ticket_zone_id", "created_at", "updated_at") VALUES (?, ?, ?, ?, ?)[0m  [["event_id", 5], ["price", 2000], ["ticket_zone_id", 3], ["created_at", "2019-04-04 20:26:50.541372"], ["updated_at", "2019-04-04 20:26:50.541372"]]
  [1m[35m (29.7ms)[0m  [1m[36mcommit transaction[0m
  [1m[35m (0.1ms)[0m  [1m[36mbegin transaction[0m
  [1m[35m (0.1ms)[0m  [1m[31mrollback transaction[0m
  [1m[35m (0.1ms)[0m  [1m[36mbegin transaction[0m
  [1m[36mTicketType Update (8.2ms)[0m  [1m[33mUPDATE "ticket_types" SET "created_at" = ?, "updated_at" = ? WHERE "ticket_types"."id" = ?[0m  [["created_at", "2019-05-04 00:00:00"], ["updated_at", "2019-04-04 20:29:04.362713"], ["id", 2]]
  [1m[35m (343.8ms)[0m  [1m[36mcommit transaction[0m
  [1m[35m (0.1ms)[0m  [1m[36mbegin transaction[0m
  [1m[36mUser Create (27.8ms)[0m  [1m[32mINSERT INTO "users" ("email", "password", "created_at", "updated_at", "phone") VALUES (?, ?, ?, ?, ?)[0m  [["email", "wena@gmail.com"], ["password", "hola12349"], ["created_at", "2019-04-04 20:32:04.283577"], ["updated_at", "2019-04-04 20:32:04.283577"], ["phone", "123456789"]]
  [1m[35m (18.2ms)[0m  [1m[36mcommit transaction[0m
  [1m[35m (0.1ms)[0m  [1m[36mbegin transaction[0m
  [1m[36mOrder Create (2.1ms)[0m  [1m[32mINSERT INTO "orders" ("user_id", "created_at", "updated_at") VALUES (?, ?, ?)[0m  [["user_id", 1], ["created_at", "2019-04-04 20:32:34.209957"], ["updated_at", "2019-04-04 20:32:34.209957"]]
  [1m[35m (7.9ms)[0m  [1m[36mcommit transaction[0m
  [1m[35m (0.1ms)[0m  [1m[36mbegin transaction[0m
  [1m[35m (0.0ms)[0m  [1m[31mrollback transaction[0m
  [1m[36mTicketType Load (0.3ms)[0m  [1m[34mSELECT  "ticket_types".* FROM "ticket_types" WHERE (id == 2 ) LIMIT ?[0m  [["LIMIT", 11]]
  [1m[36mTicketType Load (0.3ms)[0m  [1m[34mSELECT  "ticket_types".* FROM "ticket_types" WHERE "ticket_types"."id" = ? LIMIT ?[0m  [["id", 5], ["LIMIT", 11]]
  [1m[36mEvent Load (0.2ms)[0m  [1m[34mSELECT  "events".* FROM "events" WHERE "events"."id" = ? LIMIT ?[0m  [["id", 5], ["LIMIT", 11]]
  [1m[35m (0.1ms)[0m  [1m[36mbegin transaction[0m
  [1m[36mUser Create (2.5ms)[0m  [1m[32mINSERT INTO "users" ("email", "password", "created_at", "updated_at", "phone") VALUES (?, ?, ?, ?, ?)[0m  [["email", "wena@gmail.com"], ["password", "hola12345"], ["created_at", "2019-04-04 21:12:04.615786"], ["updated_at", "2019-04-04 21:12:04.615786"], ["phone", "123456789"]]
  [1m[35m (48.8ms)[0m  [1m[36mcommit transaction[0m
  [1m[35m (0.1ms)[0m  [1m[36mbegin transaction[0m
  [1m[36mOrder Create (1.9ms)[0m  [1m[32mINSERT INTO "orders" ("user_id", "created_at", "updated_at") VALUES (?, ?, ?)[0m  [["user_id", 2], ["created_at", "2019-04-04 21:12:39.231244"], ["updated_at", "2019-04-04 21:12:39.231244"]]
  [1m[35m (55.4ms)[0m  [1m[36mcommit transaction[0m
  [1m[35m (0.1ms)[0m  [1m[36mbegin transaction[0m
  [1m[36mEventVenue Create (1.9ms)[0m  [1m[32mINSERT INTO "event_venues" ("name", "capacity", "created_at", "updated_at") VALUES (?, ?, ?, ?)[0m  [["name", "MOvistar arena y santa laura"], ["capacity", 2000], ["created_at", "2019-04-04 21:13:41.846047"], ["updated_at", "2019-04-04 21:13:41.846047"]]
  [1m[35m (22.3ms)[0m  [1m[36mcommit transaction[0m
  [1m[36mEvent Load (0.2ms)[0m  [1m[34mSELECT "events".* FROM "events" WHERE (start_date== '2019-10-10' and event_venue_id== NULL)[0m
  [1m[36mEvent Load (0.3ms)[0m  [1m[34mSELECT "events".* FROM "events" WHERE (start_date== '2019-10-10' and event_venue_id== 7)[0m
  [1m[35m (0.1ms)[0m  [1m[36mbegin transaction[0m
  [1m[36mEvent Load (0.2ms)[0m  [1m[34mSELECT "events".* FROM "events" WHERE (start_date== '2019-10-10' and event_venue_id== 7)[0m
  [1m[36mEvent Create (2.0ms)[0m  [1m[32mINSERT INTO "events" ("start_date", "event_venue_id", "created_at", "updated_at") VALUES (?, ?, ?, ?)[0m  [["start_date", "2019-10-10"], ["event_venue_id", 7], ["created_at", "2019-05-05 00:00:00"], ["updated_at", "2019-04-04 21:14:43.072531"]]
  [1m[35m (32.7ms)[0m  [1m[36mcommit transaction[0m
  [1m[35m (0.1ms)[0m  [1m[36mbegin transaction[0m
  [1m[36mTicketZone Create (1.8ms)[0m  [1m[32mINSERT INTO "ticket_zones" ("created_at", "updated_at") VALUES (?, ?)[0m  [["created_at", "2019-04-04 21:15:40.027944"], ["updated_at", "2019-04-04 21:15:40.027944"]]
  [1m[35m (35.2ms)[0m  [1m[36mcommit transaction[0m
  [1m[35m (0.1ms)[0m  [1m[36mbegin transaction[0m
  [1m[36mTicketType Create (1.9ms)[0m  [1m[32mINSERT INTO "ticket_types" ("event_id", "price", "ticket_zone_id", "created_at", "updated_at") VALUES (?, ?, ?, ?, ?)[0m  [["event_id", 6], ["price", 100], ["ticket_zone_id", 4], ["created_at", "2019-04-04 21:16:01.464832"], ["updated_at", "2019-04-04 21:16:01.464832"]]
  [1m[35m (32.6ms)[0m  [1m[36mcommit transaction[0m
  [1m[35m (0.1ms)[0m  [1m[36mbegin transaction[0m
  [1m[36mTicketType Load (0.3ms)[0m  [1m[34mSELECT "ticket_types".* FROM "ticket_types" WHERE "ticket_types"."id" IN (?, ?)[0m  [["id", 0], ["id", 3]]
  [1m[35m (0.1ms)[0m  [1m[31mrollback transaction[0m
  [1m[35m (0.1ms)[0m  [1m[36mbegin transaction[0m
  [1m[36mUser Create (2.4ms)[0m  [1m[32mINSERT INTO "users" ("email", "password", "created_at", "updated_at", "phone") VALUES (?, ?, ?, ?, ?)[0m  [["email", "wena@gmail.com"], ["password", "hola12345"], ["created_at", "2019-04-04 22:19:21.459863"], ["updated_at", "2019-04-04 22:19:21.459863"], ["phone", "123456789"]]
  [1m[35m (50.6ms)[0m  [1m[36mcommit transaction[0m
  [1m[35m (0.1ms)[0m  [1m[36mbegin transaction[0m
  [1m[36mEventVenue Create (1.8ms)[0m  [1m[32mINSERT INTO "event_venues" ("name", "capacity", "created_at", "updated_at") VALUES (?, ?, ?, ?)[0m  [["name", "wena somos los mas bacanes"], ["capacity", 100], ["created_at", "2019-04-04 22:20:48.106608"], ["updated_at", "2019-04-04 22:20:48.106608"]]
  [1m[35m (347.8ms)[0m  [1m[36mcommit transaction[0m
  [1m[36mEvent Load (0.2ms)[0m  [1m[34mSELECT "events".* FROM "events" WHERE (start_date== '2019-10-19' and event_venue_id== NULL)[0m
  [1m[36mEvent Load (0.2ms)[0m  [1m[34mSELECT "events".* FROM "events" WHERE (start_date== '2019-10-19' and event_venue_id== 8)[0m
  [1m[35m (0.1ms)[0m  [1m[36mbegin transaction[0m
  [1m[36mEvent Load (0.2ms)[0m  [1m[34mSELECT "events".* FROM "events" WHERE (start_date== '2019-10-19' and event_venue_id== 8)[0m
  [1m[36mEvent Create (2.1ms)[0m  [1m[32mINSERT INTO "events" ("start_date", "event_venue_id", "created_at", "updated_at") VALUES (?, ?, ?, ?)[0m  [["start_date", "2019-10-19"], ["event_venue_id", 8], ["created_at", "2019-05-05 00:00:00"], ["updated_at", "2019-04-04 22:21:44.203266"]]
  [1m[35m (43.2ms)[0m  [1m[36mcommit transaction[0m
  [1m[35m (0.1ms)[0m  [1m[36mbegin transaction[0m
  [1m[36mTicketZone Create (1.9ms)[0m  [1m[32mINSERT INTO "ticket_zones" ("created_at", "updated_at") VALUES (?, ?)[0m  [["created_at", "2019-04-04 22:21:58.362089"], ["updated_at", "2019-04-04 22:21:58.362089"]]
  [1m[35m (35.0ms)[0m  [1m[36mcommit transaction[0m
  [1m[35m (0.1ms)[0m  [1m[36mbegin transaction[0m
  [1m[36mTicketType Create (1.8ms)[0m  [1m[32mINSERT INTO "ticket_types" ("event_id", "price", "ticket_zone_id", "created_at", "updated_at") VALUES (?, ?, ?, ?, ?)[0m  [["event_id", 7], ["price", 100], ["ticket_zone_id", 5], ["created_at", "2019-04-04 22:22:33.885073"], ["updated_at", "2019-04-04 22:22:33.885073"]]
  [1m[35m (34.8ms)[0m  [1m[36mcommit transaction[0m
  [1m[35m (0.1ms)[0m  [1m[36mbegin transaction[0m
  [1m[35m (0.0ms)[0m  [1m[36mcommit transaction[0m
  [1m[35m (0.1ms)[0m  [1m[36mbegin transaction[0m
  [1m[36mOrder Create (2.0ms)[0m  [1m[32mINSERT INTO "orders" ("user_id", "created_at", "updated_at") VALUES (?, ?, ?)[0m  [["user_id", 3], ["created_at", "2019-04-04 22:23:52.387263"], ["updated_at", "2019-04-04 22:23:52.387263"]]
  [1m[36mEvent Load (0.4ms)[0m  [1m[34mSELECT  "events".* FROM "events" WHERE "events"."id" IN (SELECT "ticket_types"."event_id" FROM "ticket_types" WHERE "ticket_types"."id" = ?) ORDER BY "events"."id" ASC LIMIT ?[0m  [["id", 4], ["LIMIT", 1]]
  [1m[35m (5.3ms)[0m  [1m[31mrollback transaction[0m
  [1m[35m (0.1ms)[0m  [1m[36mbegin transaction[0m
  [1m[36mUser Create (3.9ms)[0m  [1m[32mINSERT INTO "users" ("email", "password", "created_at", "updated_at", "phone") VALUES (?, ?, ?, ?, ?)[0m  [["email", "wena@gmail.com"], ["password", "hola1234ho"], ["created_at", "2019-04-04 22:33:40.602452"], ["updated_at", "2019-04-04 22:33:40.602452"], ["phone", "123456789"]]
  [1m[35m (66.3ms)[0m  [1m[36mcommit transaction[0m
  [1m[35m (0.1ms)[0m  [1m[36mbegin transaction[0m
  [1m[36mOrder Create (2.3ms)[0m  [1m[32mINSERT INTO "orders" ("user_id", "created_at", "updated_at") VALUES (?, ?, ?)[0m  [["user_id", 4], ["created_at", "2019-04-04 22:33:56.271334"], ["updated_at", "2019-04-04 22:33:56.271334"]]
  [1m[35m (25.7ms)[0m  [1m[36mcommit transaction[0m
  [1m[35m (0.1ms)[0m  [1m[36mbegin transaction[0m
  [1m[36mEventVenue Create (1.8ms)[0m  [1m[32mINSERT INTO "event_venues" ("name", "capacity", "created_at", "updated_at") VALUES (?, ?, ?, ?)[0m  [["name", "LO mas grande el sta laura"], ["capacity", 100], ["created_at", "2019-04-04 22:34:31.319295"], ["updated_at", "2019-04-04 22:34:31.319295"]]
  [1m[35m (12.8ms)[0m  [1m[36mcommit transaction[0m
  [1m[36mEvent Load (0.2ms)[0m  [1m[34mSELECT "events".* FROM "events" WHERE (start_date== '2019-10-10' and event_venue_id== 9)[0m
  [1m[35m (0.1ms)[0m  [1m[36mbegin transaction[0m
  [1m[36mEvent Load (0.2ms)[0m  [1m[34mSELECT "events".* FROM "events" WHERE (start_date== '2019-10-10' and event_venue_id== 9)[0m
  [1m[36mEvent Create (1.9ms)[0m  [1m[32mINSERT INTO "events" ("start_date", "event_venue_id", "created_at", "updated_at") VALUES (?, ?, ?, ?)[0m  [["start_date", "2019-10-10"], ["event_venue_id", 9], ["created_at", "2019-05-05 00:00:00"], ["updated_at", "2019-04-04 22:35:19.206346"]]
  [1m[35m (332.2ms)[0m  [1m[36mcommit transaction[0m
  [1m[35m (0.1ms)[0m  [1m[36mbegin transaction[0m
  [1m[36mTicketZone Create (1.8ms)[0m  [1m[32mINSERT INTO "ticket_zones" ("created_at", "updated_at") VALUES (?, ?)[0m  [["created_at", "2019-04-04 22:35:37.833449"], ["updated_at", "2019-04-04 22:35:37.833449"]]
  [1m[35m (7.9ms)[0m  [1m[36mcommit transaction[0m
  [1m[35m (0.1ms)[0m  [1m[36mbegin transaction[0m
  [1m[36mTicketType Create (2.0ms)[0m  [1m[32mINSERT INTO "ticket_types" ("event_id", "price", "ticket_zone_id", "created_at", "updated_at") VALUES (?, ?, ?, ?, ?)[0m  [["event_id", 8], ["price", 100], ["ticket_zone_id", 6], ["created_at", "2019-04-04 22:36:15.215612"], ["updated_at", "2019-04-04 22:36:15.215612"]]
  [1m[35m (35.8ms)[0m  [1m[36mcommit transaction[0m
  [1m[35m (0.1ms)[0m  [1m[36mbegin transaction[0m
  [1m[36mTicket Create (2.1ms)[0m  [1m[32mINSERT INTO "tickets" ("ticket_type_id", "order_id", "created_at", "updated_at") VALUES (?, ?, ?, ?)[0m  [["ticket_type_id", 5], ["order_id", 3], ["created_at", "2020-10-10 00:00:00"], ["updated_at", "2019-04-04 22:37:12.798284"]]
  [1m[35m (21.1ms)[0m  [1m[36mcommit transaction[0m
  [1m[35m (0.1ms)[0m  [1m[36mbegin transaction[0m
  [1m[36mTicket Update (0.9ms)[0m  [1m[33mUPDATE "tickets" SET "created_at" = ?, "updated_at" = ? WHERE "tickets"."id" = ?[0m  [["created_at", nil], ["updated_at", "2019-04-04 22:37:58.703779"], ["id", 1]]
  [1m[35m (0.1ms)[0m  [1m[31mrollback transaction[0m
  [1m[35m (0.1ms)[0m  [1m[36mbegin transaction[0m
  [1m[36mTicket Update (1.8ms)[0m  [1m[33mUPDATE "tickets" SET "created_at" = ?, "updated_at" = ? WHERE "tickets"."id" = ?[0m  [["created_at", "2015-10-10 00:00:00"], ["updated_at", "2019-04-04 22:37:58.703779"], ["id", 1]]
  [1m[35m (7.6ms)[0m  [1m[36mcommit transaction[0m
  [1m[35m (0.1ms)[0m  [1m[36mbegin transaction[0m
  [1m[36mUser Create (3.8ms)[0m  [1m[32mINSERT INTO "users" ("email", "password", "created_at", "updated_at", "phone") VALUES (?, ?, ?, ?, ?)[0m  [["email", "wena@gmail.com"], ["password", "hola12341"], ["created_at", "2019-04-04 22:42:17.176144"], ["updated_at", "2019-04-04 22:42:17.176144"], ["phone", "123455681"]]
  [1m[35m (35.8ms)[0m  [1m[36mcommit transaction[0m
  [1m[35m (0.1ms)[0m  [1m[36mbegin transaction[0m
  [1m[36mOrder Create (1.9ms)[0m  [1m[32mINSERT INTO "orders" ("user_id", "created_at", "updated_at") VALUES (?, ?, ?)[0m  [["user_id", 5], ["created_at", "2019-04-04 22:42:30.767787"], ["updated_at", "2019-04-04 22:42:30.767787"]]
  [1m[35m (30.2ms)[0m  [1m[36mcommit transaction[0m
  [1m[35m (0.1ms)[0m  [1m[36mbegin transaction[0m
  [1m[36mEventVenue Create (1.9ms)[0m  [1m[32mINSERT INTO "event_venues" ("name", "capacity", "created_at", "updated_at") VALUES (?, ?, ?, ?)[0m  [["name", "SANTA LAURA LO MAS LINDO"], ["capacity", 100], ["created_at", "2019-04-04 22:43:10.182479"], ["updated_at", "2019-04-04 22:43:10.182479"]]
  [1m[35m (33.2ms)[0m  [1m[36mcommit transaction[0m
  [1m[36mEvent Load (0.2ms)[0m  [1m[34mSELECT "events".* FROM "events" WHERE (start_date== '2019-10-10' and event_venue_id== 10)[0m
  [1m[35m (0.1ms)[0m  [1m[36mbegin transaction[0m
  [1m[36mEvent Load (0.2ms)[0m  [1m[34mSELECT "events".* FROM "events" WHERE (start_date== '2019-10-10' and event_venue_id== 10)[0m
  [1m[36mEvent Create (2.0ms)[0m  [1m[32mINSERT INTO "events" ("start_date", "event_venue_id", "created_at", "updated_at") VALUES (?, ?, ?, ?)[0m  [["start_date", "2019-10-10"], ["event_venue_id", 10], ["created_at", "2018-10-10 00:00:00"], ["updated_at", "2019-04-04 22:43:54.755776"]]
  [1m[35m (26.2ms)[0m  [1m[36mcommit transaction[0m
  [1m[35m (0.1ms)[0m  [1m[36mbegin transaction[0m
  [1m[36mTicketZone Create (1.9ms)[0m  [1m[32mINSERT INTO "ticket_zones" ("created_at", "updated_at") VALUES (?, ?)[0m  [["created_at", "2019-04-04 22:44:06.301000"], ["updated_at", "2019-04-04 22:44:06.301000"]]
  [1m[35m (28.9ms)[0m  [1m[36mcommit transaction[0m
  [1m[35m (0.1ms)[0m  [1m[36mbegin transaction[0m
  [1m[36mTicketType Create (1.9ms)[0m  [1m[32mINSERT INTO "ticket_types" ("event_id", "price", "ticket_zone_id", "created_at", "updated_at") VALUES (?, ?, ?, ?, ?)[0m  [["event_id", 9], ["price", 1000], ["ticket_zone_id", 7], ["created_at", "2019-04-04 22:44:36.378317"], ["updated_at", "2019-04-04 22:44:36.378317"]]
  [1m[35m (328.2ms)[0m  [1m[36mcommit transaction[0m
  [1m[35m (0.1ms)[0m  [1m[36mbegin transaction[0m
  [1m[35m (0.1ms)[0m  [1m[31mrollback transaction[0m
  [1m[35m (0.1ms)[0m  [1m[36mbegin transaction[0m
  [1m[35m (0.0ms)[0m  [1m[31mrollback transaction[0m
  [1m[35m (0.1ms)[0m  [1m[36mbegin transaction[0m
  [1m[36mUser Create (3.0ms)[0m  [1m[32mINSERT INTO "users" ("email", "password", "created_at", "updated_at", "phone") VALUES (?, ?, ?, ?, ?)[0m  [["email", "wena@gmail.com"], ["password", "hola12345"], ["created_at", "2019-04-04 22:47:35.020474"], ["updated_at", "2019-04-04 22:47:35.020474"], ["phone", "123456789"]]
  [1m[35m (31.0ms)[0m  [1m[36mcommit transaction[0m
  [1m[35m (0.1ms)[0m  [1m[36mbegin transaction[0m
  [1m[36mOrder Create (1.8ms)[0m  [1m[32mINSERT INTO "orders" ("user_id", "created_at", "updated_at") VALUES (?, ?, ?)[0m  [["user_id", 6], ["created_at", "2019-04-04 22:47:50.036895"], ["updated_at", "2019-04-04 22:47:50.036895"]]
  [1m[35m (39.4ms)[0m  [1m[36mcommit transaction[0m
  [1m[35m (0.1ms)[0m  [1m[36mbegin transaction[0m
  [1m[36mUser Create (2.7ms)[0m  [1m[32mINSERT INTO "users" ("email", "password", "created_at", "updated_at", "phone") VALUES (?, ?, ?, ?, ?)[0m  [["email", "wena@gmail.com"], ["password", "hola12345"], ["created_at", "2019-04-04 22:49:49.216208"], ["updated_at", "2019-04-04 22:49:49.216208"], ["phone", "1234556123"]]
  [1m[35m (26.6ms)[0m  [1m[36mcommit transaction[0m
  [1m[35m (0.1ms)[0m  [1m[36mbegin transaction[0m
  [1m[36mOrder Create (1.9ms)[0m  [1m[32mINSERT INTO "orders" ("user_id", "created_at", "updated_at") VALUES (?, ?, ?)[0m  [["user_id", 7], ["created_at", "2019-04-04 22:49:58.665667"], ["updated_at", "2019-04-04 22:49:58.665667"]]
  [1m[35m (53.6ms)[0m  [1m[36mcommit transaction[0m
  [1m[35m (0.1ms)[0m  [1m[36mbegin transaction[0m
  [1m[36mEventVenue Create (1.8ms)[0m  [1m[32mINSERT INTO "event_venues" ("name", "capacity", "created_at", "updated_at") VALUES (?, ?, ?, ?)[0m  [["name", "UNion lo mas grande sta laura"], ["capacity", 1000], ["created_at", "2019-04-04 22:50:24.652282"], ["updated_at", "2019-04-04 22:50:24.652282"]]
  [1m[35m (31.7ms)[0m  [1m[36mcommit transaction[0m
  [1m[35m (0.1ms)[0m  [1m[36mbegin transaction[0m
  [1m[36mEvent Load (0.2ms)[0m  [1m[34mSELECT "events".* FROM "events" WHERE (start_date== '2019-10-10' and event_venue_id== 11)[0m
  [1m[36mEvent Create (2.1ms)[0m  [1m[32mINSERT INTO "events" ("start_date", "event_venue_id", "created_at", "updated_at") VALUES (?, ?, ?, ?)[0m  [["start_date", "2019-10-10"], ["event_venue_id", 11], ["created_at", "2019-05-05 00:00:00"], ["updated_at", "2019-04-04 22:51:01.010302"]]
  [1m[35m (52.0ms)[0m  [1m[36mcommit transaction[0m
  [1m[35m (0.1ms)[0m  [1m[36mbegin transaction[0m
  [1m[36mTicketZone Create (1.9ms)[0m  [1m[32mINSERT INTO "ticket_zones" ("created_at", "updated_at") VALUES (?, ?)[0m  [["created_at", "2019-04-04 22:51:16.765184"], ["updated_at", "2019-04-04 22:51:16.765184"]]
  [1m[35m (7.8ms)[0m  [1m[36mcommit transaction[0m
  [1m[35m (0.1ms)[0m  [1m[36mbegin transaction[0m
  [1m[36mTicketType Create (1.9ms)[0m  [1m[32mINSERT INTO "ticket_types" ("event_id", "price", "ticket_zone_id", "created_at", "updated_at") VALUES (?, ?, ?, ?, ?)[0m  [["event_id", 10], ["price", 100], ["ticket_zone_id", 8], ["created_at", "2019-04-04 22:51:54.883205"], ["updated_at", "2019-04-04 22:51:54.883205"]]
  [1m[35m (9.9ms)[0m  [1m[36mcommit transaction[0m
  [1m[35m (0.1ms)[0m  [1m[36mbegin transaction[0m
  [1m[35m (0.0ms)[0m  [1m[36mcommit transaction[0m
  [1m[35m (0.1ms)[0m  [1m[36mbegin transaction[0m
  [1m[35m (0.7ms)[0m  [1m[34mselect ticket_id from tickets t, ticket_types tt, events e where t.ticket_type_id = tt.id  and tt.event_id = e.id and e.start_date < t.created_at[0m
  [1m[35m (0.1ms)[0m  [1m[31mrollback transaction[0m
  [1m[35m (0.1ms)[0m  [1m[36mbegin transaction[0m
  [1m[36mUser Create (2.6ms)[0m  [1m[32mINSERT INTO "users" ("email", "password", "created_at", "updated_at", "phone") VALUES (?, ?, ?, ?, ?)[0m  [["email", "wena@gmail.com"], ["password", "hola12345"], ["created_at", "2019-04-04 22:53:58.737470"], ["updated_at", "2019-04-04 22:53:58.737470"], ["phone", "123456789"]]
  [1m[35m (297.6ms)[0m  [1m[36mcommit transaction[0m
  [1m[35m (0.1ms)[0m  [1m[36mbegin transaction[0m
  [1m[36mOrder Create (1.8ms)[0m  [1m[32mINSERT INTO "orders" ("user_id", "created_at", "updated_at") VALUES (?, ?, ?)[0m  [["user_id", 8], ["created_at", "2019-04-04 22:54:13.996104"], ["updated_at", "2019-04-04 22:54:13.996104"]]
  [1m[35m (8.3ms)[0m  [1m[36mcommit transaction[0m
  [1m[35m (0.1ms)[0m  [1m[36mbegin transaction[0m
  [1m[36mEventVenue Create (1.9ms)[0m  [1m[32mINSERT INTO "event_venues" ("name", "capacity", "created_at", "updated_at") VALUES (?, ?, ?, ?)[0m  [["name", "sta laura lo mas bonito del mundo"], ["capacity", 100], ["created_at", "2019-04-04 22:55:11.624747"], ["updated_at", "2019-04-04 22:55:11.624747"]]
  [1m[35m (30.0ms)[0m  [1m[36mcommit transaction[0m
  [1m[35m (0.1ms)[0m  [1m[36mbegin transaction[0m
  [1m[36mEvent Load (0.2ms)[0m  [1m[34mSELECT "events".* FROM "events" WHERE (start_date== '2019-10-10' and event_venue_id== 12)[0m
  [1m[36mEvent Create (2.2ms)[0m  [1m[32mINSERT INTO "events" ("start_date", "event_venue_id", "created_at", "updated_at") VALUES (?, ?, ?, ?)[0m  [["start_date", "2019-10-10"], ["event_venue_id", 12], ["created_at", "2019-05-05 00:00:00"], ["updated_at", "2019-04-04 22:55:44.372458"]]
  [1m[35m (37.3ms)[0m  [1m[36mcommit transaction[0m
  [1m[35m (0.1ms)[0m  [1m[36mbegin transaction[0m
  [1m[36mTicketZone Create (2.0ms)[0m  [1m[32mINSERT INTO "ticket_zones" ("created_at", "updated_at") VALUES (?, ?)[0m  [["created_at", "2019-04-04 22:56:01.392561"], ["updated_at", "2019-04-04 22:56:01.392561"]]
  [1m[35m (43.6ms)[0m  [1m[36mcommit transaction[0m
  [1m[35m (0.1ms)[0m  [1m[36mbegin transaction[0m
  [1m[36mTicketType Create (1.9ms)[0m  [1m[32mINSERT INTO "ticket_types" ("event_id", "price", "ticket_zone_id", "created_at", "updated_at") VALUES (?, ?, ?, ?, ?)[0m  [["event_id", 11], ["price", 100], ["ticket_zone_id", 9], ["created_at", "2019-04-04 22:56:40.247443"], ["updated_at", "2019-04-04 22:56:40.247443"]]
  [1m[35m (39.2ms)[0m  [1m[36mcommit transaction[0m
  [1m[35m (0.1ms)[0m  [1m[36mbegin transaction[0m
  [1m[35m (0.2ms)[0m  [1m[34mselect t.id from tickets t, ticket_types tt, events e where t.ticket_type_id = tt.id  and tt.event_id = e.id and e.start_date < t.created_at[0m
  [1m[36mTicket Create (2.4ms)[0m  [1m[32mINSERT INTO "tickets" ("ticket_type_id", "order_id", "created_at", "updated_at") VALUES (?, ?, ?, ?)[0m  [["ticket_type_id", 8], ["order_id", 7], ["created_at", "2020-10-10 00:00:00"], ["updated_at", "2019-04-04 22:57:21.148368"]]
  [1m[35m (38.7ms)[0m  [1m[36mcommit transaction[0m
  [1m[35m (0.1ms)[0m  [1m[36mbegin transaction[0m
  [1m[35m (0.2ms)[0m  [1m[34mselect t.id from tickets t, ticket_types tt, events e where t.ticket_type_id = tt.id  and tt.event_id = e.id and e.start_date < t.created_at[0m
  [1m[36mTicket Update (7.4ms)[0m  [1m[33mUPDATE "tickets" SET "created_at" = ?, "updated_at" = ? WHERE "tickets"."id" = ?[0m  [["created_at", "2015-10-10 00:00:00"], ["updated_at", "2019-04-04 22:57:38.520001"], ["id", 2]]
  [1m[35m (340.4ms)[0m  [1m[36mcommit transaction[0m
  [1m[35m (0.1ms)[0m  [1m[36mbegin transaction[0m
  [1m[36mUser Create (2.7ms)[0m  [1m[32mINSERT INTO "users" ("email", "password", "created_at", "updated_at", "phone") VALUES (?, ?, ?, ?, ?)[0m  [["email", "wena@gmail.com"], ["password", "hola12345"], ["created_at", "2019-04-04 23:04:41.417683"], ["updated_at", "2019-04-04 23:04:41.417683"], ["phone", "123456789"]]
  [1m[35m (13.5ms)[0m  [1m[36mcommit transaction[0m
  [1m[35m (0.1ms)[0m  [1m[36mbegin transaction[0m
  [1m[36mOrder Create (1.9ms)[0m  [1m[32mINSERT INTO "orders" ("user_id", "created_at", "updated_at") VALUES (?, ?, ?)[0m  [["user_id", 9], ["created_at", "2019-04-04 23:04:54.334390"], ["updated_at", "2019-04-04 23:04:54.334390"]]
  [1m[35m (27.1ms)[0m  [1m[36mcommit transaction[0m
  [1m[35m (0.1ms)[0m  [1m[36mbegin transaction[0m
  [1m[36mEventVenue Create (1.9ms)[0m  [1m[32mINSERT INTO "event_venues" ("name", "capacity", "created_at", "updated_at") VALUES (?, ?, ?, ?)[0m  [["name", "vamos vamos los pibes choros"], ["capacity", 1000], ["created_at", "2019-04-04 23:05:14.410561"], ["updated_at", "2019-04-04 23:05:14.410561"]]
  [1m[35m (54.9ms)[0m  [1m[36mcommit transaction[0m
  [1m[35m (0.1ms)[0m  [1m[36mbegin transaction[0m
  [1m[36mEvent Load (0.2ms)[0m  [1m[34mSELECT "events".* FROM "events" WHERE (start_date== '2019-10-10' and event_venue_id== 13)[0m
  [1m[36mEvent Create (2.2ms)[0m  [1m[32mINSERT INTO "events" ("start_date", "event_venue_id", "created_at", "updated_at") VALUES (?, ?, ?, ?)[0m  [["start_date", "2019-10-10"], ["event_venue_id", 13], ["created_at", "2019-05-05 00:00:00"], ["updated_at", "2019-04-04 23:05:48.221344"]]
  [1m[35m (25.3ms)[0m  [1m[36mcommit transaction[0m
  [1m[35m (0.1ms)[0m  [1m[36mbegin transaction[0m
  [1m[36mTicketZone Create (1.7ms)[0m  [1m[32mINSERT INTO "ticket_zones" ("created_at", "updated_at") VALUES (?, ?)[0m  [["created_at", "2019-04-04 23:06:01.889858"], ["updated_at", "2019-04-04 23:06:01.889858"]]
  [1m[35m (25.4ms)[0m  [1m[36mcommit transaction[0m
  [1m[35m (0.1ms)[0m  [1m[36mbegin transaction[0m
  [1m[36mTicketType Create (1.9ms)[0m  [1m[32mINSERT INTO "ticket_types" ("event_id", "price", "ticket_zone_id", "created_at", "updated_at") VALUES (?, ?, ?, ?, ?)[0m  [["event_id", 12], ["price", 1000], ["ticket_zone_id", 10], ["created_at", "2019-04-04 23:06:20.565234"], ["updated_at", "2019-04-04 23:06:20.565234"]]
  [1m[35m (8.0ms)[0m  [1m[36mcommit transaction[0m
  [1m[35m (0.1ms)[0m  [1m[36mbegin transaction[0m
  [1m[35m (0.2ms)[0m  [1m[34mselect t.id from tickets t, ticket_types tt, events e where t.ticket_type_id = tt.id  and tt.event_id = e.id and e.start_date < t.created_at[0m
  [1m[36mTicket Create (1.8ms)[0m  [1m[32mINSERT INTO "tickets" ("ticket_type_id", "order_id", "created_at", "updated_at") VALUES (?, ?, ?, ?)[0m  [["ticket_type_id", 9], ["order_id", 8], ["created_at", "2020-10-10 00:00:00"], ["updated_at", "2019-04-04 23:06:48.826736"]]
  [1m[35m (362.9ms)[0m  [1m[36mcommit transaction[0m
  [1m[35m (0.1ms)[0m  [1m[36mbegin transaction[0m
  [1m[36mUser Create (2.7ms)[0m  [1m[32mINSERT INTO "users" ("email", "password", "created_at", "updated_at", "phone") VALUES (?, ?, ?, ?, ?)[0m  [["email", "wena@gmal.com"], ["password", "hola12345"], ["created_at", "2019-04-04 23:09:53.448918"], ["updated_at", "2019-04-04 23:09:53.448918"], ["phone", "123456789"]]
  [1m[35m (48.3ms)[0m  [1m[36mcommit transaction[0m
  [1m[35m (0.1ms)[0m  [1m[36mbegin transaction[0m
  [1m[36mOrder Create (2.0ms)[0m  [1m[32mINSERT INTO "orders" ("user_id", "created_at", "updated_at") VALUES (?, ?, ?)[0m  [["user_id", 10], ["created_at", "2019-04-04 23:10:05.163662"], ["updated_at", "2019-04-04 23:10:05.163662"]]
  [1m[35m (8.4ms)[0m  [1m[36mcommit transaction[0m
  [1m[35m (0.1ms)[0m  [1m[36mbegin transaction[0m
  [1m[36mEventVenue Create (1.8ms)[0m  [1m[32mINSERT INTO "event_venues" ("name", "capacity", "created_at", "updated_at") VALUES (?, ?, ?, ?)[0m  [["name", "vamos gremio laputamadre"], ["capacity", 100], ["created_at", "2019-04-04 23:10:28.713630"], ["updated_at", "2019-04-04 23:10:28.713630"]]
  [1m[35m (7.5ms)[0m  [1m[36mcommit transaction[0m
  [1m[35m (0.1ms)[0m  [1m[36mbegin transaction[0m
  [1m[36mEvent Load (0.2ms)[0m  [1m[34mSELECT "events".* FROM "events" WHERE (start_date== '2019-10-10' and event_venue_id== 14)[0m
  [1m[36mEvent Create (2.5ms)[0m  [1m[32mINSERT INTO "events" ("start_date", "event_venue_id", "created_at", "updated_at") VALUES (?, ?, ?, ?)[0m  [["start_date", "2019-10-10"], ["event_venue_id", 14], ["created_at", "2019-05-05 00:00:00"], ["updated_at", "2019-04-04 23:11:01.967323"]]
  [1m[35m (37.8ms)[0m  [1m[36mcommit transaction[0m
  [1m[35m (0.1ms)[0m  [1m[36mbegin transaction[0m
  [1m[36mTicketZone Create (1.9ms)[0m  [1m[32mINSERT INTO "ticket_zones" ("created_at", "updated_at") VALUES (?, ?)[0m  [["created_at", "2019-04-04 23:11:26.043326"], ["updated_at", "2019-04-04 23:11:26.043326"]]
  [1m[35m (26.2ms)[0m  [1m[36mcommit transaction[0m
  [1m[35m (0.1ms)[0m  [1m[36mbegin transaction[0m
  [1m[36mTicketType Create (2.0ms)[0m  [1m[32mINSERT INTO "ticket_types" ("event_id", "price", "ticket_zone_id", "created_at", "updated_at") VALUES (?, ?, ?, ?, ?)[0m  [["event_id", 13], ["price", 100], ["ticket_zone_id", 11], ["created_at", "2019-04-04 23:11:47.919267"], ["updated_at", "2019-04-04 23:11:47.919267"]]
  [1m[35m (8.7ms)[0m  [1m[36mcommit transaction[0m
  [1m[35m (0.1ms)[0m  [1m[36mbegin transaction[0m
  [1m[35m (0.2ms)[0m  [1m[34mselect t.id from tickets t, ticket_types tt, events e where t.ticket_type_id = tt.id  and tt.event_id = e.id and e.start_date < t.created_at[0m
  [1m[36mTicket Create (1.8ms)[0m  [1m[32mINSERT INTO "tickets" ("ticket_type_id", "order_id", "created_at", "updated_at") VALUES (?, ?, ?, ?)[0m  [["ticket_type_id", 10], ["order_id", 9], ["created_at", "2020-10-10 00:00:00"], ["updated_at", "2019-04-04 23:12:13.905812"]]
  [1m[35m (57.7ms)[0m  [1m[36mcommit transaction[0m
  [1m[35m (0.1ms)[0m  [1m[36mbegin transaction[0m
  [1m[36mUser Create (17.3ms)[0m  [1m[32mINSERT INTO "users" ("email", "password", "created_at", "updated_at", "phone") VALUES (?, ?, ?, ?, ?)[0m  [["email", "mail@gmail.com"], ["password", "hola12345"], ["created_at", "2019-04-04 23:41:15.434200"], ["updated_at", "2019-04-04 23:41:15.434200"], ["phone", "123456789"]]
  [1m[35m (18.8ms)[0m  [1m[36mcommit transaction[0m
  [1m[35m (0.1ms)[0m  [1m[36mbegin transaction[0m
  [1m[36mOrder Create (45.4ms)[0m  [1m[32mINSERT INTO "orders" ("user_id", "created_at", "updated_at") VALUES (?, ?, ?)[0m  [["user_id", 11], ["created_at", "2019-04-04 23:41:27.691650"], ["updated_at", "2019-04-04 23:41:27.691650"]]
  [1m[35m (63.8ms)[0m  [1m[36mcommit transaction[0m
  [1m[35m (0.1ms)[0m  [1m[36mbegin transaction[0m
  [1m[36mEventVenue Create (40.3ms)[0m  [1m[32mINSERT INTO "event_venues" ("name", "capacity", "created_at", "updated_at") VALUES (?, ?, ?, ?)[0m  [["name", "wena wena los cabros como tamos"], ["capacity", 1000], ["created_at", "2019-04-04 23:41:47.666270"], ["updated_at", "2019-04-04 23:41:47.666270"]]
  [1m[35m (81.0ms)[0m  [1m[36mcommit transaction[0m
  [1m[35m (0.1ms)[0m  [1m[36mbegin transaction[0m
  [1m[36mEvent Load (0.7ms)[0m  [1m[34mSELECT "events".* FROM "events" WHERE (start_date== '2019-10-10' and event_venue_id== 15)[0m
  [1m[36mEvent Create (2.2ms)[0m  [1m[32mINSERT INTO "events" ("start_date", "event_venue_id", "created_at", "updated_at") VALUES (?, ?, ?, ?)[0m  [["start_date", "2019-10-10"], ["event_venue_id", 15], ["created_at", "2019-05-05 00:00:00"], ["updated_at", "2019-04-04 23:42:18.926815"]]
  [1m[35m (33.3ms)[0m  [1m[36mcommit transaction[0m
  [1m[35m (0.1ms)[0m  [1m[36mbegin transaction[0m
  [1m[36mTicketZone Create (1.8ms)[0m  [1m[32mINSERT INTO "ticket_zones" ("created_at", "updated_at") VALUES (?, ?)[0m  [["created_at", "2019-04-04 23:42:33.673243"], ["updated_at", "2019-04-04 23:42:33.673243"]]
  [1m[35m (142.7ms)[0m  [1m[36mcommit transaction[0m
  [1m[35m (0.1ms)[0m  [1m[36mbegin transaction[0m
  [1m[36mTicketType Create (1.8ms)[0m  [1m[32mINSERT INTO "ticket_types" ("event_id", "price", "ticket_zone_id", "created_at", "updated_at") VALUES (?, ?, ?, ?, ?)[0m  [["event_id", 14], ["price", 100], ["ticket_zone_id", 12], ["created_at", "2019-04-04 23:42:55.838021"], ["updated_at", "2019-04-04 23:42:55.838021"]]
  [1m[35m (32.5ms)[0m  [1m[36mcommit transaction[0m
  [1m[35m (0.1ms)[0m  [1m[36mbegin transaction[0m
  [1m[35m (0.2ms)[0m  [1m[34mselect t.id from tickets t, ticket_types tt, events e where t.ticket_type_id = tt.id  and tt.event_id = e.id and date(e.start_date) < date(t.created_at)[0m
  [1m[36mTicket Create (1.9ms)[0m  [1m[32mINSERT INTO "tickets" ("ticket_type_id", "order_id", "created_at", "updated_at") VALUES (?, ?, ?, ?)[0m  [["ticket_type_id", 11], ["order_id", 10], ["created_at", "2020-10-10 00:00:00"], ["updated_at", "2019-04-04 23:43:18.070523"]]
  [1m[35m (82.6ms)[0m  [1m[36mcommit transaction[0m
